<?xml version="1.0" encoding="UTF-8"?>
<testsuite name="MazeRunnerTest" tests="1" skipped="0" failures="0" errors="0" timestamp="2021-02-11T15:56:44" hostname="DESKTOP-44JHN1A" time="1.346">
  <properties/>
  <testcase name="start" classname="MazeRunnerTest" time="1.346"/>
  <system-out><![CDATA[?[1;31m
Start test 1?[0m

=== Menu ===
1. Generate a new maze
2. Load a maze
0. Exit
> 1
Please, enter the size of a maze
> 17
██  ██████████████████████████████
██              ██              ██
██████████████  ██  ██████████  ██
██              ██      ██      ██
██  ██  ██████████████████  ██████
██  ██  ██                      ██
██  ██  ██  ██████████████████  ██
██      ██                      ██
██  ██  ██████  ██  ██  ██████████
██  ██      ██      ██          ██
██  ██  ██  ██████  ██████████  ██
██      ██      ██          ██  ██
██████████████  ██████  ██  ██  ██
██                              ██
██████  ██  ██  ██  ██  ██████  ██
██              ██              ██
██████████████████████████████  ██

=== Menu ===
1. Generate a new maze
2. Load a maze
3. Save the maze
4. Display the maze
5. Find the escape
0. Exit
> 0
Bye!
?[1;31m
Start test 2?[0m

=== Menu ===
1. Generate a new maze
2. Load a maze
0. Exit
> 1
Please, enter the size of a maze
> 29
██  ██████████████████████████████████████████████████████
██  ██      ██          ██      ██      ██              ██
██  ██  ██  ██████████  ██  ██  ██  ██  ██  ██████████████
██      ██                          ██      ██          ██
██████████  ██  ██████████████  ██████████████  ██████  ██
██          ██                                  ██      ██
██  ██  ██████████████████████  ██  ██████████████  ██  ██
██      ██      ██              ██      ██      ██      ██
██████████  ██  ██  ██████████  ██████  ██  ██  ██  ██  ██
██              ██      ██              ██  ██  ██  ██  ██
██  ██████  ██████  ██  ██  ██████████  ██  ██  ██  ██  ██
██  ██      ██      ██  ██                  ██  ██      ██
██  ██  ██████  ██████  ██████  ██████████████  ██  ██  ██
██  ██                  ██      ██          ██          ██
██  ██  ██  ██████████  ██  ██████████████  ██  ██████████
██  ██  ██      ██      ██              ██              ██
██  ██  ██  ██  ██  ██████  ██████████  ██  ██████████  ██
██      ██  ██      ██      ██      ██              ██  ██
██████████  ██  ██████  ██████████  ██  ██████  ██  ██████
██              ██      ██          ██  ██      ██      ██
██████  ██████  ██  ██████████████  ██  ██  ██████  ██  ██
██      ██      ██                              ██  ██  ██
██  ██████  ██████  ██████  ██████████████████  ██  ██  ██
██      ██      ██  ██                  ██      ██      ██
██████  ██████  ██  ██  ██████████  ██  ██  ██  ██  ██  ██
██          ██  ██  ██              ██          ██      ██
██████  ██  ██  ██  ██████  ██████████  ██████  ██████  ██
██      ██      ██                  ██                  ██
██████████████████████████████████████████████████████  ██

=== Menu ===
1. Generate a new maze
2. Load a maze
3. Save the maze
4. Display the maze
5. Find the escape
0. Exit
> 3
> test_maze.txt

=== Menu ===
1. Generate a new maze
2. Load a maze
3. Save the maze
4. Display the maze
5. Find the escape
0. Exit
> 0
Bye!
?[1;31m
Start test 3?[0m

=== Menu ===
1. Generate a new maze
2. Load a maze
0. Exit
> 2
> test_maze.txt

=== Menu ===
1. Generate a new maze
2. Load a maze
3. Save the maze
4. Display the maze
5. Find the escape
0. Exit
> 4
██  ██████████████████████████████████████████████████████
██  ██      ██          ██      ██      ██              ██
██  ██  ██  ██████████  ██  ██  ██  ██  ██  ██████████████
██      ██                          ██      ██          ██
██████████  ██  ██████████████  ██████████████  ██████  ██
██          ██                                  ██      ██
██  ██  ██████████████████████  ██  ██████████████  ██  ██
██      ██      ██              ██      ██      ██      ██
██████████  ██  ██  ██████████  ██████  ██  ██  ██  ██  ██
██              ██      ██              ██  ██  ██  ██  ██
██  ██████  ██████  ██  ██  ██████████  ██  ██  ██  ██  ██
██  ██      ██      ██  ██                  ██  ██      ██
██  ██  ██████  ██████  ██████  ██████████████  ██  ██  ██
██  ██                  ██      ██          ██          ██
██  ██  ██  ██████████  ██  ██████████████  ██  ██████████
██  ██  ██      ██      ██              ██              ██
██  ██  ██  ██  ██  ██████  ██████████  ██  ██████████  ██
██      ██  ██      ██      ██      ██              ██  ██
██████████  ██  ██████  ██████████  ██  ██████  ██  ██████
██              ██      ██          ██  ██      ██      ██
██████  ██████  ██  ██████████████  ██  ██  ██████  ██  ██
██      ██      ██                              ██  ██  ██
██  ██████  ██████  ██████  ██████████████████  ██  ██  ██
██      ██      ██  ██                  ██      ██      ██
██████  ██████  ██  ██  ██████████  ██  ██  ██  ██  ██  ██
██          ██  ██  ██              ██          ██      ██
██████  ██  ██  ██  ██████  ██████████  ██████  ██████  ██
██      ██      ██                  ██                  ██
██████████████████████████████████████████████████████  ██

=== Menu ===
1. Generate a new maze
2. Load a maze
3. Save the maze
4. Display the maze
5. Find the escape
0. Exit
> 0
Bye!
?[1;31m
Start test 4?[0m

=== Menu ===
1. Generate a new maze
2. Load a maze
0. Exit
> 1
Please, enter the size of a maze
> 35
██  ██████████████████████████████████████████████████████████████████
██          ██                                      ██              ██
██  ██████  ██  ██████████  ██████  ██████  ██████  ██  ██████████  ██
██      ██              ██  ██          ██      ██  ██          ██  ██
██████  ██  ██████████  ██  ██  ██████  ██████  ██  ██████████  ██  ██
██                  ██  ██          ██      ██                  ██  ██
██  ██  ██  ██  ██  ██  ██████████  ██████  ██████████  ██████  ██████
██          ██  ██      ██                      ██                  ██
██  ██████  ██  ██████████████████████████████  ██  ██  ██████████  ██
██                                          ██                      ██
██████  ██  ██████████  ██████  ██  ██████████  ██████  ██████  ██  ██
██                              ██  ██      ██      ██          ██  ██
██  ██  ██████  ██  ██  ██████████  ██  ██  ██  ██  ██  ██████████  ██
██                  ██      ██      ██  ██      ██  ██      ██      ██
██████████  ██████████████  ██  ██████  ██████  ██  ██████  ██  ██████
██              ██      ██  ██          ██      ██          ██      ██
██████████  ██  ██  ██  ██  ██  ██████████████  ██████  ██████████  ██
██      ██  ██          ██                          ██      ██      ██
██  ██  ██  ██████████████  ██████  ██████  ██████████████  ██  ██████
██  ██                  ██          ██      ██          ██          ██
██  ██████████  ██  ██  ██  ██████████  ██████  ██████  ██████████  ██
██      ██          ██      ██          ██                      ██  ██
██████  ██████  ██████████████  ██████████  ██████████████████  ██  ██
██              ██          ██  ██          ██              ██  ██  ██
██  ██████████████  ██  ██  ██  ██  ██████████  ██  ██  ██████  ██  ██
██          ██      ██      ██  ██          ██      ██          ██  ██
██  ██████  ██  ██████████  ██  ██████████  ██████████████  ██  ██  ██
██          ██  ██      ██  ██          ██  ██                      ██
██  ██  ██  ██  ██  ██  ██  ██████  ██  ██  ██  ██████  ██  ██████████
██  ██  ██  ██  ██  ██              ██  ██  ██      ██              ██
██  ██  ██  ██  ██  ██████████████  ██  ██  ██  ██  ██████████████  ██
██  ██      ██  ██                  ██          ██  ██          ██  ██
██  ██  ██████  ██████████  ██  ██████  ██████  ██  ██  ██████  ██  ██
██                                  ██          ██      ██          ██
██████████████████████████████████████████████████████████████████  ██

=== Menu ===
1. Generate a new maze
2. Load a maze
3. Save the maze
4. Display the maze
5. Find the escape
0. Exit
> 3
> test_maze.txt

=== Menu ===
1. Generate a new maze
2. Load a maze
3. Save the maze
4. Display the maze
5. Find the escape
0. Exit
> 0
Bye!
?[1;31m
Start test 5?[0m

=== Menu ===
1. Generate a new maze
2. Load a maze
0. Exit
> 2
> test_maze.txt

=== Menu ===
1. Generate a new maze
2. Load a maze
3. Save the maze
4. Display the maze
5. Find the escape
0. Exit
> 4
██  ██████████████████████████████████████████████████████████████████
██          ██                                      ██              ██
██  ██████  ██  ██████████  ██████  ██████  ██████  ██  ██████████  ██
██      ██              ██  ██          ██      ██  ██          ██  ██
██████  ██  ██████████  ██  ██  ██████  ██████  ██  ██████████  ██  ██
██                  ██  ██          ██      ██                  ██  ██
██  ██  ██  ██  ██  ██  ██████████  ██████  ██████████  ██████  ██████
██          ██  ██      ██                      ██                  ██
██  ██████  ██  ██████████████████████████████  ██  ██  ██████████  ██
██                                          ██                      ██
██████  ██  ██████████  ██████  ██  ██████████  ██████  ██████  ██  ██
██                              ██  ██      ██      ██          ██  ██
██  ██  ██████  ██  ██  ██████████  ██  ██  ██  ██  ██  ██████████  ██
██                  ██      ██      ██  ██      ██  ██      ██      ██
██████████  ██████████████  ██  ██████  ██████  ██  ██████  ██  ██████
██              ██      ██  ██          ██      ██          ██      ██
██████████  ██  ██  ██  ██  ██  ██████████████  ██████  ██████████  ██
██      ██  ██          ██                          ██      ██      ██
██  ██  ██  ██████████████  ██████  ██████  ██████████████  ██  ██████
██  ██                  ██          ██      ██          ██          ██
██  ██████████  ██  ██  ██  ██████████  ██████  ██████  ██████████  ██
██      ██          ██      ██          ██                      ██  ██
██████  ██████  ██████████████  ██████████  ██████████████████  ██  ██
██              ██          ██  ██          ██              ██  ██  ██
██  ██████████████  ██  ██  ██  ██  ██████████  ██  ██  ██████  ██  ██
██          ██      ██      ██  ██          ██      ██          ██  ██
██  ██████  ██  ██████████  ██  ██████████  ██████████████  ██  ██  ██
██          ██  ██      ██  ██          ██  ██                      ██
██  ██  ██  ██  ██  ██  ██  ██████  ██  ██  ██  ██████  ██  ██████████
██  ██  ██  ██  ██  ██              ██  ██  ██      ██              ██
██  ██  ██  ██  ██  ██████████████  ██  ██  ██  ██  ██████████████  ██
██  ██      ██  ██                  ██          ██  ██          ██  ██
██  ██  ██████  ██████████  ██  ██████  ██████  ██  ██  ██████  ██  ██
██                                  ██          ██      ██          ██
██████████████████████████████████████████████████████████████████  ██

=== Menu ===
1. Generate a new maze
2. Load a maze
3. Save the maze
4. Display the maze
5. Find the escape
0. Exit
> 0
Bye!
?[1;31m
Start test 6?[0m

=== Menu ===
1. Generate a new maze
2. Load a maze
0. Exit
> 2
> test_maze.txt

=== Menu ===
1. Generate a new maze
2. Load a maze
3. Save the maze
4. Display the maze
5. Find the escape
0. Exit
> 4
██  ██████████████████████████████████████████████████████████████████
██          ██                                      ██              ██
██  ██████  ██  ██████████  ██████  ██████  ██████  ██  ██████████  ██
██      ██              ██  ██          ██      ██  ██          ██  ██
██████  ██  ██████████  ██  ██  ██████  ██████  ██  ██████████  ██  ██
██                  ██  ██          ██      ██                  ██  ██
██  ██  ██  ██  ██  ██  ██████████  ██████  ██████████  ██████  ██████
██          ██  ██      ██                      ██                  ██
██  ██████  ██  ██████████████████████████████  ██  ██  ██████████  ██
██                                          ██                      ██
██████  ██  ██████████  ██████  ██  ██████████  ██████  ██████  ██  ██
██                              ██  ██      ██      ██          ██  ██
██  ██  ██████  ██  ██  ██████████  ██  ██  ██  ██  ██  ██████████  ██
██                  ██      ██      ██  ██      ██  ██      ██      ██
██████████  ██████████████  ██  ██████  ██████  ██  ██████  ██  ██████
██              ██      ██  ██          ██      ██          ██      ██
██████████  ██  ██  ██  ██  ██  ██████████████  ██████  ██████████  ██
██      ██  ██          ██                          ██      ██      ██
██  ██  ██  ██████████████  ██████  ██████  ██████████████  ██  ██████
██  ██                  ██          ██      ██          ██          ██
██  ██████████  ██  ██  ██  ██████████  ██████  ██████  ██████████  ██
██      ██          ██      ██          ██                      ██  ██
██████  ██████  ██████████████  ██████████  ██████████████████  ██  ██
██              ██          ██  ██          ██              ██  ██  ██
██  ██████████████  ██  ██  ██  ██  ██████████  ██  ██  ██████  ██  ██
██          ██      ██      ██  ██          ██      ██          ██  ██
██  ██████  ██  ██████████  ██  ██████████  ██████████████  ██  ██  ██
██          ██  ██      ██  ██          ██  ██                      ██
██  ██  ██  ██  ██  ██  ██  ██████  ██  ██  ██  ██████  ██  ██████████
██  ██  ██  ██  ██  ██              ██  ██  ██      ██              ██
██  ██  ██  ██  ██  ██████████████  ██  ██  ██  ██  ██████████████  ██
██  ██      ██  ██                  ██          ██  ██          ██  ██
██  ██  ██████  ██████████  ██  ██████  ██████  ██  ██  ██████  ██  ██
██                                  ██          ██      ██          ██
██████████████████████████████████████████████████████████████████  ██

=== Menu ===
1. Generate a new maze
2. Load a maze
3. Save the maze
4. Display the maze
5. Find the escape
0. Exit
> 5
██//██████████████████████████████████████████████████████████████████
██//        ██                                      ██              ██
██//██████  ██  ██████████  ██████  ██████  ██████  ██  ██████████  ██
██//////██              ██  ██          ██      ██  ██          ██  ██
██████//██  ██████████  ██  ██  ██████  ██████  ██  ██████████  ██  ██
██    //            ██  ██          ██      ██                  ██  ██
██  ██//██  ██  ██  ██  ██████████  ██████  ██████████  ██████  ██████
██    //////██  ██      ██                      ██                  ██
██  ██████//██  ██████████████████████████████  ██  ██  ██████████  ██
██        //                                ██                      ██
██████  ██//██████████  ██████  ██  ██████████  ██████  ██████  ██  ██
██        //////  //////        ██  ██      ██      ██          ██  ██
██  ██  ██████//██//██//██████████  ██  ██  ██  ██  ██  ██████████  ██
██            //////██//////██      ██  ██      ██  ██      ██      ██
██████████  ██████████████//██  ██████  ██████  ██  ██████  ██  ██████
██              ██      ██//██          ██      ██          ██      ██
██████████  ██  ██  ██  ██//██  ██████████████  ██████  ██████████  ██
██      ██  ██          ██//                        ██      ██      ██
██  ██  ██  ██████████████//██████  ██████  ██████████████  ██  ██████
██  ██            //////██//        ██      ██          ██          ██
██  ██████████  ██//██//██//██████████  ██████  ██████  ██████████  ██
██      ██    //////██//////██          ██                      ██  ██
██████  ██████//██████████████  ██████████  ██████████████████  ██  ██
██//////////////██          ██  ██          ██              ██  ██  ██
██//██████████████  ██  ██  ██  ██  ██████████  ██  ██  ██████  ██  ██
██//        ██      ██      ██  ██          ██      ██          ██  ██
██//██████  ██  ██████████  ██  ██████████  ██████████████  ██  ██  ██
██//        ██  ██      ██  ██    //////██  ██                      ██
██//██  ██  ██  ██  ██  ██  ██████//██//██  ██  ██████  ██  ██████████
██//██  ██  ██  ██  ██            //██//██  ██//////██              ██
██//██  ██  ██  ██  ██████████████//██//██  ██//██//██████████████  ██
██//██      ██  ██            //////██//      //██//██//////////██  ██
██//██  ██████  ██████████  ██//██████//██████//██//██//██████//██  ██
██//////////////////////////////    ██//////////██//////██    //////██
██████████████████████████████████████████████████████████████████//██

=== Menu ===
1. Generate a new maze
2. Load a maze
3. Save the maze
4. Display the maze
5. Find the escape
0. Exit
> 0
Bye!
]]></system-out>
  <system-err><![CDATA[]]></system-err>
</testsuite>
