<?xml version="1.0" encoding="UTF-8"?>
<testsuite name="CinemaTests" tests="1" skipped="0" failures="0" errors="0" timestamp="2021-07-24T09:46:43" hostname="DESKTOP-44JHN1A" time="16.302">
  <properties/>
  <testcase name="start" classname="CinemaTests" time="16.302"/>
  <system-out><![CDATA[?[1;31m
Start test 1?[0m

  .   ____          _            __ _ _
 /\\ / ___'_ __ _ _(_)_ __  __ _ \ \ \ \
( ( )\___ | '_ | '_| | '_ \/ _` | \ \ \ \
 \\/  ___)| |_)| | | | | || (_| |  ) ) ) )
  '  |____| .__|_| |_|_| |_\__, | / / / /
 =========|_|==============|___/=/_/_/_/
 :: Spring Boot ::        (v2.3.1.RELEASE)

2021-07-24 12:46:43.937  INFO 8492 --- [    Test worker] cinema.Main                              : Starting Main on DESKTOP-44JHN1A with PID 8492 (started by Андрей in F:\Java\Cinema Room REST Service\Cinema Room REST Service\task)
2021-07-24 12:46:43.942  INFO 8492 --- [    Test worker] cinema.Main                              : No active profile set, falling back to default profiles: default
2021-07-24 12:46:45.682  INFO 8492 --- [    Test worker] o.s.b.w.embedded.tomcat.TomcatWebServer  : Tomcat initialized with port(s): 28852 (http)
2021-07-24 12:46:45.701  INFO 8492 --- [    Test worker] o.apache.catalina.core.StandardService   : Starting service [Tomcat]
2021-07-24 12:46:45.701  INFO 8492 --- [    Test worker] org.apache.catalina.core.StandardEngine  : Starting Servlet engine: [Apache Tomcat/9.0.36]
2021-07-24 12:46:45.852  INFO 8492 --- [    Test worker] o.a.c.c.C.[Tomcat].[localhost].[/]       : Initializing Spring embedded WebApplicationContext
2021-07-24 12:46:45.852  INFO 8492 --- [    Test worker] w.s.c.ServletWebServerApplicationContext : Root WebApplicationContext: initialization completed in 1848 ms
2021-07-24 12:46:46.279  INFO 8492 --- [    Test worker] o.s.s.concurrent.ThreadPoolTaskExecutor  : Initializing ExecutorService 'applicationTaskExecutor'
2021-07-24 12:46:46.635  INFO 8492 --- [    Test worker] o.s.b.a.e.web.EndpointLinksResolver      : Exposing 14 endpoint(s) beneath base path '/actuator'
2021-07-24 12:46:46.698  INFO 8492 --- [    Test worker] o.s.b.w.embedded.tomcat.TomcatWebServer  : Tomcat started on port(s): 28852 (http) with context path ''
2021-07-24 12:46:46.717  INFO 8492 --- [    Test worker] cinema.Main                              : Started Main in 3.323 seconds (JVM running for 4.7)
2021-07-24 12:46:47.190  INFO 8492 --- [io-28852-exec-1] o.a.c.c.C.[Tomcat].[localhost].[/]       : Initializing Spring DispatcherServlet 'dispatcherServlet'
2021-07-24 12:46:47.192  INFO 8492 --- [io-28852-exec-1] o.s.web.servlet.DispatcherServlet        : Initializing Servlet 'dispatcherServlet'
2021-07-24 12:46:47.203  INFO 8492 --- [io-28852-exec-1] o.s.web.servlet.DispatcherServlet        : Completed initialization in 10 ms
?[1;31m
Start test 2?[0m
?[1;31m
Start test 3?[0m
?[1;31m
Start test 4?[0m
?[1;31m
Start test 5?[0m
?[1;31m
Start test 6?[0m
?[1;31m
Start test 7?[0m
2021-07-24 12:46:48.334  INFO 8492 --- [     Thread-243] o.s.s.concurrent.ThreadPoolTaskExecutor  : Shutting down ExecutorService 'applicationTaskExecutor'

  .   ____          _            __ _ _
 /\\ / ___'_ __ _ _(_)_ __  __ _ \ \ \ \
( ( )\___ | '_ | '_| | '_ \/ _` | \ \ \ \
 \\/  ___)| |_)| | | | | || (_| |  ) ) ) )
  '  |____| .__|_| |_|_| |_\__, | / / / /
 =========|_|==============|___/=/_/_/_/
 :: Spring Boot ::        (v2.3.1.RELEASE)

2021-07-24 12:46:58.531  INFO 8492 --- [    Test worker] cinema.Main                              : Starting Main on DESKTOP-44JHN1A with PID 8492 (started by Андрей in F:\Java\Cinema Room REST Service\Cinema Room REST Service\task)
2021-07-24 12:46:58.532  INFO 8492 --- [    Test worker] cinema.Main                              : No active profile set, falling back to default profiles: default
2021-07-24 12:46:59.000  INFO 8492 --- [    Test worker] o.s.b.w.embedded.tomcat.TomcatWebServer  : Tomcat initialized with port(s): 28852 (http)
2021-07-24 12:46:59.002  INFO 8492 --- [    Test worker] o.apache.catalina.core.StandardService   : Starting service [Tomcat]
2021-07-24 12:46:59.002  INFO 8492 --- [    Test worker] org.apache.catalina.core.StandardEngine  : Starting Servlet engine: [Apache Tomcat/9.0.36]
2021-07-24 12:46:59.038  INFO 8492 --- [    Test worker] o.a.c.c.C.[Tomcat].[localhost].[/]       : Initializing Spring embedded WebApplicationContext
2021-07-24 12:46:59.039  INFO 8492 --- [    Test worker] w.s.c.ServletWebServerApplicationContext : Root WebApplicationContext: initialization completed in 504 ms
2021-07-24 12:46:59.140  INFO 8492 --- [    Test worker] o.s.s.concurrent.ThreadPoolTaskExecutor  : Initializing ExecutorService 'applicationTaskExecutor'
2021-07-24 12:46:59.259  INFO 8492 --- [    Test worker] o.s.b.a.e.web.EndpointLinksResolver      : Exposing 14 endpoint(s) beneath base path '/actuator'
2021-07-24 12:46:59.279  INFO 8492 --- [    Test worker] o.s.b.w.embedded.tomcat.TomcatWebServer  : Tomcat started on port(s): 28852 (http) with context path ''
2021-07-24 12:46:59.287  INFO 8492 --- [    Test worker] cinema.Main                              : Started Main in 0.819 seconds (JVM running for 17.269)
2021-07-24 12:46:59.298  INFO 8492 --- [io-28852-exec-1] o.a.c.c.C.[Tomcat].[localhost].[/]       : Initializing Spring DispatcherServlet 'dispatcherServlet'
2021-07-24 12:46:59.299  INFO 8492 --- [io-28852-exec-1] o.s.web.servlet.DispatcherServlet        : Initializing Servlet 'dispatcherServlet'
2021-07-24 12:46:59.302  INFO 8492 --- [io-28852-exec-1] o.s.web.servlet.DispatcherServlet        : Completed initialization in 3 ms
?[1;31m
Start test 8?[0m
?[1;31m
Start test 9?[0m
?[1;31m
Start test 10?[0m
?[1;31m
Start test 11?[0m
?[1;31m
Start test 12?[0m
]]></system-out>
  <system-err><![CDATA[]]></system-err>
</testsuite>
