<?xml version="1.0" encoding="UTF-8"?>
<testsuite name="RecipesApplicationTest" tests="1" skipped="0" failures="0" errors="0" timestamp="2021-07-14T10:15:41" hostname="DESKTOP-44JHN1A" time="41.747">
  <properties/>
  <testcase name="start" classname="RecipesApplicationTest" time="41.747"/>
  <system-out><![CDATA[?[1;31m
Start test 1?[0m

  .   ____          _            __ _ _
 /\\ / ___'_ __ _ _(_)_ __  __ _ \ \ \ \
( ( )\___ | '_ | '_| | '_ \/ _` | \ \ \ \
 \\/  ___)| |_)| | | | | || (_| |  ) ) ) )
  '  |____| .__|_| |_|_| |_\__, | / / / /
 =========|_|==============|___/=/_/_/_/
 :: Spring Boot ::        (v2.3.1.RELEASE)

2021-07-14 13:15:43.398  INFO 3532 --- [    Test worker] recipes.RecipesApplication               : Starting RecipesApplication on DESKTOP-44JHN1A with PID 3532 (started by Андрей in F:\Java\Recipes\Recipes\task)
2021-07-14 13:15:43.410  INFO 3532 --- [    Test worker] recipes.RecipesApplication               : No active profile set, falling back to default profiles: default
2021-07-14 13:15:46.460  INFO 3532 --- [    Test worker] .s.d.r.c.RepositoryConfigurationDelegate : Bootstrapping Spring Data JPA repositories in DEFERRED mode.
2021-07-14 13:15:46.600  INFO 3532 --- [    Test worker] .s.d.r.c.RepositoryConfigurationDelegate : Finished Spring Data repository scanning in 121ms. Found 2 JPA repository interfaces.
2021-07-14 13:15:47.842  INFO 3532 --- [    Test worker] o.s.b.w.embedded.tomcat.TomcatWebServer  : Tomcat initialized with port(s): 8080 (http)
2021-07-14 13:15:47.859  INFO 3532 --- [    Test worker] o.apache.catalina.core.StandardService   : Starting service [Tomcat]
2021-07-14 13:15:47.860  INFO 3532 --- [    Test worker] org.apache.catalina.core.StandardEngine  : Starting Servlet engine: [Apache Tomcat/9.0.36]
2021-07-14 13:15:48.172  INFO 3532 --- [    Test worker] o.a.c.c.C.[Tomcat].[localhost].[/]       : Initializing Spring embedded WebApplicationContext
2021-07-14 13:15:48.173  INFO 3532 --- [    Test worker] w.s.c.ServletWebServerApplicationContext : Root WebApplicationContext: initialization completed in 4642 ms
2021-07-14 13:15:48.520  INFO 3532 --- [    Test worker] com.zaxxer.hikari.HikariDataSource       : HikariPool-1 - Starting...
2021-07-14 13:15:49.130  INFO 3532 --- [    Test worker] com.zaxxer.hikari.HikariDataSource       : HikariPool-1 - Start completed.
2021-07-14 13:15:49.146  INFO 3532 --- [    Test worker] o.s.b.a.h2.H2ConsoleAutoConfiguration    : H2 console available at '/h2-console'. Database available at 'jdbc:h2:file:~/recipes_db'
2021-07-14 13:15:49.501  INFO 3532 --- [    Test worker] o.s.s.concurrent.ThreadPoolTaskExecutor  : Initializing ExecutorService 'applicationTaskExecutor'
2021-07-14 13:15:49.579  INFO 3532 --- [         task-1] o.hibernate.jpa.internal.util.LogHelper  : HHH000204: Processing PersistenceUnitInfo [name: default]
2021-07-14 13:15:49.667  WARN 3532 --- [    Test worker] JpaBaseConfiguration$JpaWebConfiguration : spring.jpa.open-in-view is enabled by default. Therefore, database queries may be performed during view rendering. Explicitly configure spring.jpa.open-in-view to disable this warning
2021-07-14 13:15:49.727  INFO 3532 --- [         task-1] org.hibernate.Version                    : HHH000412: Hibernate ORM core version 5.4.17.Final
2021-07-14 13:15:50.185  INFO 3532 --- [         task-1] o.hibernate.annotations.common.Version   : HCANN000001: Hibernate Commons Annotations {5.1.0.Final}
2021-07-14 13:15:50.295  INFO 3532 --- [    Test worker] o.s.s.web.DefaultSecurityFilterChain     : Creating filter chain: any request, [org.springframework.security.web.context.request.async.WebAsyncManagerIntegrationFilter@f97b16b, org.springframework.security.web.context.SecurityContextPersistenceFilter@7cbb649e, org.springframework.security.web.header.HeaderWriterFilter@7b5a59f7, org.springframework.security.web.authentication.logout.LogoutFilter@1ad219b5, org.springframework.security.web.authentication.www.BasicAuthenticationFilter@21a86861, org.springframework.security.web.savedrequest.RequestCacheAwareFilter@28484484, org.springframework.security.web.servletapi.SecurityContextHolderAwareRequestFilter@7cb0cf2c, org.springframework.security.web.authentication.AnonymousAuthenticationFilter@9554b87, org.springframework.security.web.session.SessionManagementFilter@5fa27365, org.springframework.security.web.access.ExceptionTranslationFilter@307976e5, org.springframework.security.web.access.intercept.FilterSecurityInterceptor@6011c064]
2021-07-14 13:15:50.553  INFO 3532 --- [         task-1] org.hibernate.dialect.Dialect            : HHH000400: Using dialect: org.hibernate.dialect.H2Dialect
2021-07-14 13:15:52.193  INFO 3532 --- [         task-1] o.h.e.t.j.p.i.JtaPlatformInitiator       : HHH000490: Using JtaPlatform implementation: [org.hibernate.engine.transaction.jta.platform.internal.NoJtaPlatform]
2021-07-14 13:15:52.208  INFO 3532 --- [         task-1] j.LocalContainerEntityManagerFactoryBean : Initialized JPA EntityManagerFactory for persistence unit 'default'
2021-07-14 13:15:52.304  INFO 3532 --- [    Test worker] o.s.b.a.e.web.EndpointLinksResolver      : Exposing 14 endpoint(s) beneath base path '/actuator'
2021-07-14 13:15:52.394  INFO 3532 --- [    Test worker] o.s.b.w.embedded.tomcat.TomcatWebServer  : Tomcat started on port(s): 8080 (http) with context path ''
2021-07-14 13:15:52.395  INFO 3532 --- [    Test worker] DeferredRepositoryInitializationListener : Triggering deferred initialization of Spring Data repositories…
2021-07-14 13:15:53.005  INFO 3532 --- [    Test worker] DeferredRepositoryInitializationListener : Spring Data repositories initialized!
2021-07-14 13:15:53.028  INFO 3532 --- [    Test worker] recipes.RecipesApplication               : Started RecipesApplication in 10.649 seconds (JVM running for 12.773)
2021-07-14 13:15:53.631  INFO 3532 --- [nio-8080-exec-1] o.a.c.c.C.[Tomcat].[localhost].[/]       : Initializing Spring DispatcherServlet 'dispatcherServlet'
2021-07-14 13:15:53.632  INFO 3532 --- [nio-8080-exec-1] o.s.web.servlet.DispatcherServlet        : Initializing Servlet 'dispatcherServlet'
2021-07-14 13:15:53.645  INFO 3532 --- [nio-8080-exec-1] o.s.web.servlet.DispatcherServlet        : Completed initialization in 13 ms
null
2021-07-14 13:15:55.061  WARN 3532 --- [nio-8080-exec-1] o.a.c.util.SessionIdGeneratorBase        : Creation of SecureRandom instance for session ID generation using [SHA1PRNG] took [340] milliseconds.
?[1;31m
Start test 2?[0m
?[1;31m
Start test 3?[0m
null
?[1;31m
Start test 4?[0m
null
?[1;31m
Start test 5?[0m
2021-07-14 13:15:55.617  WARN 3532 --- [nio-8080-exec-5] .w.s.m.s.DefaultHandlerExceptionResolver : Resolved [org.springframework.web.bind.MethodArgumentNotValidException: Validation failed for argument [2] in public void recipes.controller.RegistrationController.register(javax.servlet.http.HttpServletRequest,javax.servlet.http.HttpServletResponse,recipes.entity.User): [Field error in object 'user' on field 'email': rejected value [Test3@testcom]; codes [Pattern.user.email,Pattern.email,Pattern.java.lang.String,Pattern]; arguments [org.springframework.context.support.DefaultMessageSourceResolvable: codes [user.email,email]; arguments []; default message [email],[Ljavax.validation.constraints.Pattern$Flag;@6197da5,.+@.+\..+]; default message [must match ".+@.+\..+"]] ]
?[1;31m
Start test 6?[0m
2021-07-14 13:15:55.692  WARN 3532 --- [nio-8080-exec-6] .w.s.m.s.DefaultHandlerExceptionResolver : Resolved [org.springframework.web.bind.MethodArgumentNotValidException: Validation failed for argument [2] in public void recipes.controller.RegistrationController.register(javax.servlet.http.HttpServletRequest,javax.servlet.http.HttpServletResponse,recipes.entity.User) with 2 errors: [Field error in object 'user' on field 'email': rejected value [Test4test.com]; codes [Email.user.email,Email.email,Email.java.lang.String,Email]; arguments [org.springframework.context.support.DefaultMessageSourceResolvable: codes [user.email,email]; arguments []; default message [email],[Ljavax.validation.constraints.Pattern$Flag;@f235fa1,.*]; default message [must be a well-formed email address]] [Field error in object 'user' on field 'email': rejected value [Test4test.com]; codes [Pattern.user.email,Pattern.email,Pattern.java.lang.String,Pattern]; arguments [org.springframework.context.support.DefaultMessageSourceResolvable: codes [user.email,email]; arguments []; default message [email],[Ljavax.validation.constraints.Pattern$Flag;@6197da5,.+@.+\..+]; default message [must match ".+@.+\..+"]] ]
?[1;31m
Start test 7?[0m
2021-07-14 13:15:55.709  WARN 3532 --- [nio-8080-exec-7] .w.s.m.s.DefaultHandlerExceptionResolver : Resolved [org.springframework.web.bind.MethodArgumentNotValidException: Validation failed for argument [2] in public void recipes.controller.RegistrationController.register(javax.servlet.http.HttpServletRequest,javax.servlet.http.HttpServletResponse,recipes.entity.User): [Field error in object 'user' on field 'password': rejected value [Test555]; codes [Size.user.password,Size.password,Size.java.lang.String,Size]; arguments [org.springframework.context.support.DefaultMessageSourceResolvable: codes [user.password,password]; arguments []; default message [password],2147483647,8]; default message [size must be between 8 and 2147483647]] ]
?[1;31m
Start test 8?[0m
2021-07-14 13:15:55.724  WARN 3532 --- [nio-8080-exec-8] .w.s.m.s.DefaultHandlerExceptionResolver : Resolved [org.springframework.web.bind.MethodArgumentNotValidException: Validation failed for argument [2] in public void recipes.controller.RegistrationController.register(javax.servlet.http.HttpServletRequest,javax.servlet.http.HttpServletResponse,recipes.entity.User): [Field error in object 'user' on field 'password': rejected value [        ]; codes [Pattern.user.password,Pattern.password,Pattern.java.lang.String,Pattern]; arguments [org.springframework.context.support.DefaultMessageSourceResolvable: codes [user.password,password]; arguments []; default message [password],[Ljavax.validation.constraints.Pattern$Flag;@6197da5,^[^\s]+$]; default message [must match "^[^\s]+$"]] ]
?[1;31m
Start test 9?[0m
?[1;31m
Start test 10?[0m
?[1;31m
Start test 11?[0m
?[1;31m
Start test 12?[0m
?[1;31m
Start test 13?[0m
2021-07-14 13:15:57.546  INFO 3532 --- [     Thread-336] j.LocalContainerEntityManagerFactoryBean : Closing JPA EntityManagerFactory for persistence unit 'default'
2021-07-14 13:15:57.550  INFO 3532 --- [     Thread-336] o.s.s.concurrent.ThreadPoolTaskExecutor  : Shutting down ExecutorService 'applicationTaskExecutor'
2021-07-14 13:15:57.552  INFO 3532 --- [     Thread-336] com.zaxxer.hikari.HikariDataSource       : HikariPool-1 - Shutdown initiated...
2021-07-14 13:15:57.623  INFO 3532 --- [     Thread-336] com.zaxxer.hikari.HikariDataSource       : HikariPool-1 - Shutdown completed.

  .   ____          _            __ _ _
 /\\ / ___'_ __ _ _(_)_ __  __ _ \ \ \ \
( ( )\___ | '_ | '_| | '_ \/ _` | \ \ \ \
 \\/  ___)| |_)| | | | | || (_| |  ) ) ) )
  '  |____| .__|_| |_|_| |_\__, | / / / /
 =========|_|==============|___/=/_/_/_/
 :: Spring Boot ::        (v2.3.1.RELEASE)

2021-07-14 13:15:57.919  INFO 3532 --- [    Test worker] recipes.RecipesApplication               : Starting RecipesApplication on DESKTOP-44JHN1A with PID 3532 (started by Андрей in F:\Java\Recipes\Recipes\task)
2021-07-14 13:15:57.919  INFO 3532 --- [    Test worker] recipes.RecipesApplication               : No active profile set, falling back to default profiles: default
2021-07-14 13:16:00.413  INFO 3532 --- [    Test worker] .s.d.r.c.RepositoryConfigurationDelegate : Bootstrapping Spring Data JPA repositories in DEFERRED mode.
2021-07-14 13:16:00.494  INFO 3532 --- [    Test worker] .s.d.r.c.RepositoryConfigurationDelegate : Finished Spring Data repository scanning in 79ms. Found 2 JPA repository interfaces.
2021-07-14 13:16:00.873  INFO 3532 --- [    Test worker] o.s.b.w.embedded.tomcat.TomcatWebServer  : Tomcat initialized with port(s): 8080 (http)
2021-07-14 13:16:00.874  INFO 3532 --- [    Test worker] o.apache.catalina.core.StandardService   : Starting service [Tomcat]
2021-07-14 13:16:00.876  INFO 3532 --- [    Test worker] org.apache.catalina.core.StandardEngine  : Starting Servlet engine: [Apache Tomcat/9.0.36]
2021-07-14 13:16:01.064  INFO 3532 --- [    Test worker] o.a.c.c.C.[Tomcat].[localhost].[/]       : Initializing Spring embedded WebApplicationContext
2021-07-14 13:16:01.064  INFO 3532 --- [    Test worker] w.s.c.ServletWebServerApplicationContext : Root WebApplicationContext: initialization completed in 3138 ms
2021-07-14 13:16:01.394  INFO 3532 --- [    Test worker] com.zaxxer.hikari.HikariDataSource       : HikariPool-2 - Starting...
2021-07-14 13:16:01.436  INFO 3532 --- [    Test worker] com.zaxxer.hikari.HikariDataSource       : HikariPool-2 - Start completed.
2021-07-14 13:16:01.438  INFO 3532 --- [    Test worker] o.s.b.a.h2.H2ConsoleAutoConfiguration    : H2 console available at '/h2-console'. Database available at 'jdbc:h2:file:~/recipes_db'
2021-07-14 13:16:01.590  INFO 3532 --- [    Test worker] o.s.s.concurrent.ThreadPoolTaskExecutor  : Initializing ExecutorService 'applicationTaskExecutor'
2021-07-14 13:16:01.648  INFO 3532 --- [         task-1] o.hibernate.jpa.internal.util.LogHelper  : HHH000204: Processing PersistenceUnitInfo [name: default]
2021-07-14 13:16:01.663  INFO 3532 --- [         task-1] org.hibernate.dialect.Dialect            : HHH000400: Using dialect: org.hibernate.dialect.H2Dialect
2021-07-14 13:16:01.716  WARN 3532 --- [    Test worker] JpaBaseConfiguration$JpaWebConfiguration : spring.jpa.open-in-view is enabled by default. Therefore, database queries may be performed during view rendering. Explicitly configure spring.jpa.open-in-view to disable this warning
2021-07-14 13:16:01.945  INFO 3532 --- [    Test worker] o.s.s.web.DefaultSecurityFilterChain     : Creating filter chain: any request, [org.springframework.security.web.context.request.async.WebAsyncManagerIntegrationFilter@7da34ab1, org.springframework.security.web.context.SecurityContextPersistenceFilter@70704ea6, org.springframework.security.web.header.HeaderWriterFilter@161f1abf, org.springframework.security.web.authentication.logout.LogoutFilter@aa909ad, org.springframework.security.web.authentication.www.BasicAuthenticationFilter@8012716, org.springframework.security.web.savedrequest.RequestCacheAwareFilter@8c14d7b, org.springframework.security.web.servletapi.SecurityContextHolderAwareRequestFilter@66e5643e, org.springframework.security.web.authentication.AnonymousAuthenticationFilter@376a1baf, org.springframework.security.web.session.SessionManagementFilter@18a0d0bc, org.springframework.security.web.access.ExceptionTranslationFilter@132d6c87, org.springframework.security.web.access.intercept.FilterSecurityInterceptor@736e7d42]
2021-07-14 13:16:01.949  INFO 3532 --- [         task-1] o.h.e.t.j.p.i.JtaPlatformInitiator       : HHH000490: Using JtaPlatform implementation: [org.hibernate.engine.transaction.jta.platform.internal.NoJtaPlatform]
2021-07-14 13:16:01.949  INFO 3532 --- [         task-1] j.LocalContainerEntityManagerFactoryBean : Initialized JPA EntityManagerFactory for persistence unit 'default'
2021-07-14 13:16:02.462  INFO 3532 --- [    Test worker] o.s.b.a.e.web.EndpointLinksResolver      : Exposing 14 endpoint(s) beneath base path '/actuator'
2021-07-14 13:16:02.499  INFO 3532 --- [    Test worker] o.s.b.w.embedded.tomcat.TomcatWebServer  : Tomcat started on port(s): 8080 (http) with context path ''
2021-07-14 13:16:02.540  INFO 3532 --- [    Test worker] DeferredRepositoryInitializationListener : Triggering deferred initialization of Spring Data repositories…
2021-07-14 13:16:02.656  INFO 3532 --- [    Test worker] DeferredRepositoryInitializationListener : Spring Data repositories initialized!
2021-07-14 13:16:02.671  INFO 3532 --- [    Test worker] recipes.RecipesApplication               : Started RecipesApplication in 4.954 seconds (JVM running for 22.417)
?[1;31m
Start test 14?[0m
2021-07-14 13:16:02.686  INFO 3532 --- [nio-8080-exec-3] o.a.c.c.C.[Tomcat].[localhost].[/]       : Initializing Spring DispatcherServlet 'dispatcherServlet'
2021-07-14 13:16:02.687  INFO 3532 --- [nio-8080-exec-3] o.s.web.servlet.DispatcherServlet        : Initializing Servlet 'dispatcherServlet'
2021-07-14 13:16:02.700  INFO 3532 --- [nio-8080-exec-3] o.s.web.servlet.DispatcherServlet        : Completed initialization in 13 ms
?[1;31m
Start test 15?[0m
?[1;31m
Start test 16?[0m
?[1;31m
Start test 17?[0m
?[1;31m
Start test 18?[0m
?[1;31m
Start test 19?[0m
?[1;31m
Start test 20?[0m
?[1;31m
Start test 21?[0m
?[1;31m
Start test 22?[0m
?[1;31m
Start test 23?[0m
?[1;31m
Start test 24?[0m
?[1;31m
Start test 25?[0m
?[1;31m
Start test 26?[0m
?[1;31m
Start test 27?[0m
?[1;31m
Start test 28?[0m
?[1;31m
Start test 29?[0m
?[1;31m
Start test 30?[0m
?[1;31m
Start test 31?[0m
?[1;31m
Start test 32?[0m
?[1;31m
Start test 33?[0m
?[1;31m
Start test 34?[0m
?[1;31m
Start test 35?[0m
?[1;31m
Start test 36?[0m
?[1;31m
Start test 37?[0m
?[1;31m
Start test 38?[0m
?[1;31m
Start test 39?[0m
2021-07-14 13:16:10.005  WARN 3532 --- [nio-8080-exec-9] .w.s.m.s.DefaultHandlerExceptionResolver : Resolved [org.springframework.web.method.annotation.MethodArgumentTypeMismatchException: Failed to convert value of type 'java.lang.String' to required type 'int'; nested exception is java.lang.NumberFormatException: For input string: "search"]
?[1;31m
Start test 40?[0m
2021-07-14 13:16:10.241  WARN 3532 --- [nio-8080-exec-4] .w.s.m.s.DefaultHandlerExceptionResolver : Resolved [org.springframework.web.method.annotation.MethodArgumentTypeMismatchException: Failed to convert value of type 'java.lang.String' to required type 'int'; nested exception is java.lang.NumberFormatException: For input string: "search"]
?[1;31m
Start test 41?[0m
2021-07-14 13:16:10.422  WARN 3532 --- [nio-8080-exec-5] .w.s.m.s.DefaultHandlerExceptionResolver : Resolved [org.springframework.web.method.annotation.MethodArgumentTypeMismatchException: Failed to convert value of type 'java.lang.String' to required type 'int'; nested exception is java.lang.NumberFormatException: For input string: "search"]
?[1;31m
Start test 42?[0m
2021-07-14 13:16:10.597  WARN 3532 --- [nio-8080-exec-7] .w.s.m.s.DefaultHandlerExceptionResolver : Resolved [org.springframework.web.method.annotation.MethodArgumentTypeMismatchException: Failed to convert value of type 'java.lang.String' to required type 'int'; nested exception is java.lang.NumberFormatException: For input string: "search"]
?[1;31m
Start test 43?[0m
2021-07-14 13:16:10.830  WARN 3532 --- [io-8080-exec-10] .w.s.m.s.DefaultHandlerExceptionResolver : Resolved [org.springframework.web.bind.MethodArgumentNotValidException: Validation failed for argument [1] in public java.lang.String recipes.controller.RecipeController.create(javax.servlet.http.HttpServletRequest,recipes.entity.Recipe): [Field error in object 'recipe' on field 'name': rejected value [null]; codes [NotBlank.recipe.name,NotBlank.name,NotBlank.java.lang.String,NotBlank]; arguments [org.springframework.context.support.DefaultMessageSourceResolvable: codes [recipe.name,name]; arguments []; default message [name]]; default message [must not be blank]] ]
?[1;31m
Start test 44?[0m
2021-07-14 13:16:10.982  WARN 3532 --- [nio-8080-exec-3] .w.s.m.s.DefaultHandlerExceptionResolver : Resolved [org.springframework.web.bind.MethodArgumentNotValidException: Validation failed for argument [1] in public java.lang.String recipes.controller.RecipeController.create(javax.servlet.http.HttpServletRequest,recipes.entity.Recipe): [Field error in object 'recipe' on field 'category': rejected value [null]; codes [NotBlank.recipe.category,NotBlank.category,NotBlank.java.lang.String,NotBlank]; arguments [org.springframework.context.support.DefaultMessageSourceResolvable: codes [recipe.category,category]; arguments []; default message [category]]; default message [must not be blank]] ]
?[1;31m
Start test 45?[0m
2021-07-14 13:16:11.098  WARN 3532 --- [nio-8080-exec-2] .w.s.m.s.DefaultHandlerExceptionResolver : Resolved [org.springframework.web.bind.MethodArgumentNotValidException: Validation failed for argument [1] in public java.lang.String recipes.controller.RecipeController.create(javax.servlet.http.HttpServletRequest,recipes.entity.Recipe): [Field error in object 'recipe' on field 'description': rejected value [null]; codes [NotBlank.recipe.description,NotBlank.description,NotBlank.java.lang.String,NotBlank]; arguments [org.springframework.context.support.DefaultMessageSourceResolvable: codes [recipe.description,description]; arguments []; default message [description]]; default message [must not be blank]] ]
?[1;31m
Start test 46?[0m
2021-07-14 13:16:11.261  WARN 3532 --- [nio-8080-exec-6] .w.s.m.s.DefaultHandlerExceptionResolver : Resolved [org.springframework.web.bind.MethodArgumentNotValidException: Validation failed for argument [1] in public java.lang.String recipes.controller.RecipeController.create(javax.servlet.http.HttpServletRequest,recipes.entity.Recipe): [Field error in object 'recipe' on field 'ingredients': rejected value [null]; codes [NotNull.recipe.ingredients,NotNull.ingredients,NotNull.[Ljava.lang.String;,NotNull]; arguments [org.springframework.context.support.DefaultMessageSourceResolvable: codes [recipe.ingredients,ingredients]; arguments []; default message [ingredients]]; default message [must not be null]] ]
?[1;31m
Start test 47?[0m
2021-07-14 13:16:11.468  WARN 3532 --- [nio-8080-exec-8] .w.s.m.s.DefaultHandlerExceptionResolver : Resolved [org.springframework.web.bind.MethodArgumentNotValidException: Validation failed for argument [1] in public java.lang.String recipes.controller.RecipeController.create(javax.servlet.http.HttpServletRequest,recipes.entity.Recipe): [Field error in object 'recipe' on field 'directions': rejected value [null]; codes [NotNull.recipe.directions,NotNull.directions,NotNull.[Ljava.lang.String;,NotNull]; arguments [org.springframework.context.support.DefaultMessageSourceResolvable: codes [recipe.directions,directions]; arguments []; default message [directions]]; default message [must not be null]] ]
?[1;31m
Start test 48?[0m
2021-07-14 13:16:11.645  WARN 3532 --- [nio-8080-exec-1] .w.s.m.s.DefaultHandlerExceptionResolver : Resolved [org.springframework.web.bind.MethodArgumentNotValidException: Validation failed for argument [1] in public java.lang.String recipes.controller.RecipeController.create(javax.servlet.http.HttpServletRequest,recipes.entity.Recipe): [Field error in object 'recipe' on field 'name': rejected value [  ]; codes [NotBlank.recipe.name,NotBlank.name,NotBlank.java.lang.String,NotBlank]; arguments [org.springframework.context.support.DefaultMessageSourceResolvable: codes [recipe.name,name]; arguments []; default message [name]]; default message [must not be blank]] ]
?[1;31m
Start test 49?[0m
2021-07-14 13:16:11.807  WARN 3532 --- [nio-8080-exec-9] .w.s.m.s.DefaultHandlerExceptionResolver : Resolved [org.springframework.web.bind.MethodArgumentNotValidException: Validation failed for argument [1] in public java.lang.String recipes.controller.RecipeController.create(javax.servlet.http.HttpServletRequest,recipes.entity.Recipe): [Field error in object 'recipe' on field 'category': rejected value [  ]; codes [NotBlank.recipe.category,NotBlank.category,NotBlank.java.lang.String,NotBlank]; arguments [org.springframework.context.support.DefaultMessageSourceResolvable: codes [recipe.category,category]; arguments []; default message [category]]; default message [must not be blank]] ]
?[1;31m
Start test 50?[0m
2021-07-14 13:16:11.998  WARN 3532 --- [nio-8080-exec-4] .w.s.m.s.DefaultHandlerExceptionResolver : Resolved [org.springframework.web.bind.MethodArgumentNotValidException: Validation failed for argument [1] in public java.lang.String recipes.controller.RecipeController.create(javax.servlet.http.HttpServletRequest,recipes.entity.Recipe): [Field error in object 'recipe' on field 'description': rejected value [  ]; codes [NotBlank.recipe.description,NotBlank.description,NotBlank.java.lang.String,NotBlank]; arguments [org.springframework.context.support.DefaultMessageSourceResolvable: codes [recipe.description,description]; arguments []; default message [description]]; default message [must not be blank]] ]
?[1;31m
Start test 51?[0m
2021-07-14 13:16:12.235  WARN 3532 --- [nio-8080-exec-5] .w.s.m.s.DefaultHandlerExceptionResolver : Resolved [org.springframework.web.bind.MethodArgumentNotValidException: Validation failed for argument [1] in public java.lang.String recipes.controller.RecipeController.create(javax.servlet.http.HttpServletRequest,recipes.entity.Recipe): [Field error in object 'recipe' on field 'ingredients': rejected value [{}]; codes [Size.recipe.ingredients,Size.ingredients,Size.[Ljava.lang.String;,Size]; arguments [org.springframework.context.support.DefaultMessageSourceResolvable: codes [recipe.ingredients,ingredients]; arguments []; default message [ingredients],2147483647,1]; default message [size must be between 1 and 2147483647]] ]
?[1;31m
Start test 52?[0m
2021-07-14 13:16:12.415  WARN 3532 --- [nio-8080-exec-5] .w.s.m.s.DefaultHandlerExceptionResolver : Resolved [org.springframework.web.bind.MethodArgumentNotValidException: Validation failed for argument [1] in public java.lang.String recipes.controller.RecipeController.create(javax.servlet.http.HttpServletRequest,recipes.entity.Recipe): [Field error in object 'recipe' on field 'directions': rejected value [{}]; codes [Size.recipe.directions,Size.directions,Size.[Ljava.lang.String;,Size]; arguments [org.springframework.context.support.DefaultMessageSourceResolvable: codes [recipe.directions,directions]; arguments []; default message [directions],2147483647,1]; default message [size must be between 1 and 2147483647]] ]
?[1;31m
Start test 53?[0m
2021-07-14 13:16:12.556  WARN 3532 --- [io-8080-exec-10] .w.s.m.s.DefaultHandlerExceptionResolver : Resolved [org.springframework.web.bind.MethodArgumentNotValidException: Validation failed for argument [2] in public void recipes.controller.RecipeController.update(javax.servlet.http.HttpServletRequest,javax.servlet.http.HttpServletResponse,recipes.entity.Recipe,int): [Field error in object 'recipe' on field 'name': rejected value [null]; codes [NotBlank.recipe.name,NotBlank.name,NotBlank.java.lang.String,NotBlank]; arguments [org.springframework.context.support.DefaultMessageSourceResolvable: codes [recipe.name,name]; arguments []; default message [name]]; default message [must not be blank]] ]
?[1;31m
Start test 54?[0m
2021-07-14 13:16:12.715  WARN 3532 --- [nio-8080-exec-3] .w.s.m.s.DefaultHandlerExceptionResolver : Resolved [org.springframework.web.bind.MethodArgumentNotValidException: Validation failed for argument [2] in public void recipes.controller.RecipeController.update(javax.servlet.http.HttpServletRequest,javax.servlet.http.HttpServletResponse,recipes.entity.Recipe,int): [Field error in object 'recipe' on field 'category': rejected value [null]; codes [NotBlank.recipe.category,NotBlank.category,NotBlank.java.lang.String,NotBlank]; arguments [org.springframework.context.support.DefaultMessageSourceResolvable: codes [recipe.category,category]; arguments []; default message [category]]; default message [must not be blank]] ]
?[1;31m
Start test 55?[0m
2021-07-14 13:16:12.933  WARN 3532 --- [nio-8080-exec-2] .w.s.m.s.DefaultHandlerExceptionResolver : Resolved [org.springframework.web.bind.MethodArgumentNotValidException: Validation failed for argument [2] in public void recipes.controller.RecipeController.update(javax.servlet.http.HttpServletRequest,javax.servlet.http.HttpServletResponse,recipes.entity.Recipe,int): [Field error in object 'recipe' on field 'description': rejected value [null]; codes [NotBlank.recipe.description,NotBlank.description,NotBlank.java.lang.String,NotBlank]; arguments [org.springframework.context.support.DefaultMessageSourceResolvable: codes [recipe.description,description]; arguments []; default message [description]]; default message [must not be blank]] ]
?[1;31m
Start test 56?[0m
2021-07-14 13:16:13.067  WARN 3532 --- [nio-8080-exec-6] .w.s.m.s.DefaultHandlerExceptionResolver : Resolved [org.springframework.web.bind.MethodArgumentNotValidException: Validation failed for argument [2] in public void recipes.controller.RecipeController.update(javax.servlet.http.HttpServletRequest,javax.servlet.http.HttpServletResponse,recipes.entity.Recipe,int): [Field error in object 'recipe' on field 'ingredients': rejected value [null]; codes [NotNull.recipe.ingredients,NotNull.ingredients,NotNull.[Ljava.lang.String;,NotNull]; arguments [org.springframework.context.support.DefaultMessageSourceResolvable: codes [recipe.ingredients,ingredients]; arguments []; default message [ingredients]]; default message [must not be null]] ]
?[1;31m
Start test 57?[0m
2021-07-14 13:16:13.190  WARN 3532 --- [nio-8080-exec-8] .w.s.m.s.DefaultHandlerExceptionResolver : Resolved [org.springframework.web.bind.MethodArgumentNotValidException: Validation failed for argument [2] in public void recipes.controller.RecipeController.update(javax.servlet.http.HttpServletRequest,javax.servlet.http.HttpServletResponse,recipes.entity.Recipe,int): [Field error in object 'recipe' on field 'directions': rejected value [null]; codes [NotNull.recipe.directions,NotNull.directions,NotNull.[Ljava.lang.String;,NotNull]; arguments [org.springframework.context.support.DefaultMessageSourceResolvable: codes [recipe.directions,directions]; arguments []; default message [directions]]; default message [must not be null]] ]
?[1;31m
Start test 58?[0m
2021-07-14 13:16:13.373  WARN 3532 --- [nio-8080-exec-1] .w.s.m.s.DefaultHandlerExceptionResolver : Resolved [org.springframework.web.bind.MethodArgumentNotValidException: Validation failed for argument [2] in public void recipes.controller.RecipeController.update(javax.servlet.http.HttpServletRequest,javax.servlet.http.HttpServletResponse,recipes.entity.Recipe,int): [Field error in object 'recipe' on field 'name': rejected value [  ]; codes [NotBlank.recipe.name,NotBlank.name,NotBlank.java.lang.String,NotBlank]; arguments [org.springframework.context.support.DefaultMessageSourceResolvable: codes [recipe.name,name]; arguments []; default message [name]]; default message [must not be blank]] ]
?[1;31m
Start test 59?[0m
2021-07-14 13:16:13.673  WARN 3532 --- [nio-8080-exec-9] .w.s.m.s.DefaultHandlerExceptionResolver : Resolved [org.springframework.web.bind.MethodArgumentNotValidException: Validation failed for argument [2] in public void recipes.controller.RecipeController.update(javax.servlet.http.HttpServletRequest,javax.servlet.http.HttpServletResponse,recipes.entity.Recipe,int): [Field error in object 'recipe' on field 'category': rejected value [  ]; codes [NotBlank.recipe.category,NotBlank.category,NotBlank.java.lang.String,NotBlank]; arguments [org.springframework.context.support.DefaultMessageSourceResolvable: codes [recipe.category,category]; arguments []; default message [category]]; default message [must not be blank]] ]
?[1;31m
Start test 60?[0m
2021-07-14 13:16:13.837  WARN 3532 --- [nio-8080-exec-4] .w.s.m.s.DefaultHandlerExceptionResolver : Resolved [org.springframework.web.bind.MethodArgumentNotValidException: Validation failed for argument [2] in public void recipes.controller.RecipeController.update(javax.servlet.http.HttpServletRequest,javax.servlet.http.HttpServletResponse,recipes.entity.Recipe,int): [Field error in object 'recipe' on field 'description': rejected value [  ]; codes [NotBlank.recipe.description,NotBlank.description,NotBlank.java.lang.String,NotBlank]; arguments [org.springframework.context.support.DefaultMessageSourceResolvable: codes [recipe.description,description]; arguments []; default message [description]]; default message [must not be blank]] ]
?[1;31m
Start test 61?[0m
2021-07-14 13:16:13.997  WARN 3532 --- [nio-8080-exec-7] .w.s.m.s.DefaultHandlerExceptionResolver : Resolved [org.springframework.web.bind.MethodArgumentNotValidException: Validation failed for argument [2] in public void recipes.controller.RecipeController.update(javax.servlet.http.HttpServletRequest,javax.servlet.http.HttpServletResponse,recipes.entity.Recipe,int): [Field error in object 'recipe' on field 'ingredients': rejected value [{}]; codes [Size.recipe.ingredients,Size.ingredients,Size.[Ljava.lang.String;,Size]; arguments [org.springframework.context.support.DefaultMessageSourceResolvable: codes [recipe.ingredients,ingredients]; arguments []; default message [ingredients],2147483647,1]; default message [size must be between 1 and 2147483647]] ]
?[1;31m
Start test 62?[0m
2021-07-14 13:16:14.127  WARN 3532 --- [nio-8080-exec-5] .w.s.m.s.DefaultHandlerExceptionResolver : Resolved [org.springframework.web.bind.MethodArgumentNotValidException: Validation failed for argument [2] in public void recipes.controller.RecipeController.update(javax.servlet.http.HttpServletRequest,javax.servlet.http.HttpServletResponse,recipes.entity.Recipe,int): [Field error in object 'recipe' on field 'directions': rejected value [{}]; codes [Size.recipe.directions,Size.directions,Size.[Ljava.lang.String;,Size]; arguments [org.springframework.context.support.DefaultMessageSourceResolvable: codes [recipe.directions,directions]; arguments []; default message [directions],2147483647,1]; default message [size must be between 1 and 2147483647]] ]
?[1;31m
Start test 63?[0m
2021-07-14 13:16:15.437  INFO 3532 --- [     Thread-669] j.LocalContainerEntityManagerFactoryBean : Closing JPA EntityManagerFactory for persistence unit 'default'
2021-07-14 13:16:15.439  INFO 3532 --- [     Thread-669] o.s.s.concurrent.ThreadPoolTaskExecutor  : Shutting down ExecutorService 'applicationTaskExecutor'
2021-07-14 13:16:15.439  INFO 3532 --- [     Thread-669] com.zaxxer.hikari.HikariDataSource       : HikariPool-2 - Shutdown initiated...

  .   ____          _            __ _ _
 /\\ / ___'_ __ _ _(_)_ __  __ _ \ \ \ \
( ( )\___ | '_ | '_| | '_ \/ _` | \ \ \ \
 \\/  ___)| |_)| | | | | || (_| |  ) ) ) )
  '  |____| .__|_| |_|_| |_\__, | / / / /
 =========|_|==============|___/=/_/_/_/
 :: Spring Boot ::        (v2.3.1.RELEASE)

2021-07-14 13:16:15.589  INFO 3532 --- [    Test worker] recipes.RecipesApplication               : Starting RecipesApplication on DESKTOP-44JHN1A with PID 3532 (started by Андрей in F:\Java\Recipes\Recipes\task)
2021-07-14 13:16:15.590  INFO 3532 --- [    Test worker] recipes.RecipesApplication               : No active profile set, falling back to default profiles: default
2021-07-14 13:16:15.593  INFO 3532 --- [     Thread-669] com.zaxxer.hikari.HikariDataSource       : HikariPool-2 - Shutdown completed.
2021-07-14 13:16:19.449  INFO 3532 --- [    Test worker] .s.d.r.c.RepositoryConfigurationDelegate : Bootstrapping Spring Data JPA repositories in DEFERRED mode.
2021-07-14 13:16:19.486  INFO 3532 --- [    Test worker] .s.d.r.c.RepositoryConfigurationDelegate : Finished Spring Data repository scanning in 35ms. Found 2 JPA repository interfaces.
2021-07-14 13:16:19.774  INFO 3532 --- [    Test worker] o.s.b.w.embedded.tomcat.TomcatWebServer  : Tomcat initialized with port(s): 8080 (http)
2021-07-14 13:16:19.777  INFO 3532 --- [    Test worker] o.apache.catalina.core.StandardService   : Starting service [Tomcat]
2021-07-14 13:16:19.777  INFO 3532 --- [    Test worker] org.apache.catalina.core.StandardEngine  : Starting Servlet engine: [Apache Tomcat/9.0.36]
2021-07-14 13:16:19.847  INFO 3532 --- [    Test worker] o.a.c.c.C.[Tomcat].[localhost].[/]       : Initializing Spring embedded WebApplicationContext
2021-07-14 13:16:19.847  INFO 3532 --- [    Test worker] w.s.c.ServletWebServerApplicationContext : Root WebApplicationContext: initialization completed in 4244 ms
2021-07-14 13:16:19.932  INFO 3532 --- [    Test worker] com.zaxxer.hikari.HikariDataSource       : HikariPool-3 - Starting...
2021-07-14 13:16:19.961  INFO 3532 --- [    Test worker] com.zaxxer.hikari.HikariDataSource       : HikariPool-3 - Start completed.
2021-07-14 13:16:19.961  INFO 3532 --- [    Test worker] o.s.b.a.h2.H2ConsoleAutoConfiguration    : H2 console available at '/h2-console'. Database available at 'jdbc:h2:file:~/recipes_db'
2021-07-14 13:16:20.064  INFO 3532 --- [    Test worker] o.s.s.concurrent.ThreadPoolTaskExecutor  : Initializing ExecutorService 'applicationTaskExecutor'
2021-07-14 13:16:20.120  WARN 3532 --- [    Test worker] JpaBaseConfiguration$JpaWebConfiguration : spring.jpa.open-in-view is enabled by default. Therefore, database queries may be performed during view rendering. Explicitly configure spring.jpa.open-in-view to disable this warning
2021-07-14 13:16:20.167  INFO 3532 --- [         task-1] o.hibernate.jpa.internal.util.LogHelper  : HHH000204: Processing PersistenceUnitInfo [name: default]
2021-07-14 13:16:20.203  INFO 3532 --- [    Test worker] o.s.s.web.DefaultSecurityFilterChain     : Creating filter chain: any request, [org.springframework.security.web.context.request.async.WebAsyncManagerIntegrationFilter@16b56a18, org.springframework.security.web.context.SecurityContextPersistenceFilter@11b7b3e5, org.springframework.security.web.header.HeaderWriterFilter@6fd90542, org.springframework.security.web.authentication.logout.LogoutFilter@5b8b00f2, org.springframework.security.web.authentication.www.BasicAuthenticationFilter@662e1e24, org.springframework.security.web.savedrequest.RequestCacheAwareFilter@1375cdba, org.springframework.security.web.servletapi.SecurityContextHolderAwareRequestFilter@34212983, org.springframework.security.web.authentication.AnonymousAuthenticationFilter@625f87b2, org.springframework.security.web.session.SessionManagementFilter@69555705, org.springframework.security.web.access.ExceptionTranslationFilter@12620445, org.springframework.security.web.access.intercept.FilterSecurityInterceptor@3b1522fc]
2021-07-14 13:16:20.237  INFO 3532 --- [         task-1] org.hibernate.dialect.Dialect            : HHH000400: Using dialect: org.hibernate.dialect.H2Dialect
2021-07-14 13:16:20.696  INFO 3532 --- [         task-1] o.h.e.t.j.p.i.JtaPlatformInitiator       : HHH000490: Using JtaPlatform implementation: [org.hibernate.engine.transaction.jta.platform.internal.NoJtaPlatform]
2021-07-14 13:16:20.697  INFO 3532 --- [         task-1] j.LocalContainerEntityManagerFactoryBean : Initialized JPA EntityManagerFactory for persistence unit 'default'
2021-07-14 13:16:21.175  INFO 3532 --- [    Test worker] o.s.b.a.e.web.EndpointLinksResolver      : Exposing 14 endpoint(s) beneath base path '/actuator'
2021-07-14 13:16:21.258  INFO 3532 --- [    Test worker] o.s.b.w.embedded.tomcat.TomcatWebServer  : Tomcat started on port(s): 8080 (http) with context path ''
2021-07-14 13:16:21.261  INFO 3532 --- [    Test worker] DeferredRepositoryInitializationListener : Triggering deferred initialization of Spring Data repositories…
2021-07-14 13:16:21.390  INFO 3532 --- [    Test worker] DeferredRepositoryInitializationListener : Spring Data repositories initialized!
2021-07-14 13:16:21.399  INFO 3532 --- [    Test worker] recipes.RecipesApplication               : Started RecipesApplication in 5.901 seconds (JVM running for 41.145)
?[1;31m
Start test 64?[0m
2021-07-14 13:16:21.430  INFO 3532 --- [nio-8080-exec-3] o.a.c.c.C.[Tomcat].[localhost].[/]       : Initializing Spring DispatcherServlet 'dispatcherServlet'
2021-07-14 13:16:21.430  INFO 3532 --- [nio-8080-exec-3] o.s.web.servlet.DispatcherServlet        : Initializing Servlet 'dispatcherServlet'
2021-07-14 13:16:21.434  INFO 3532 --- [nio-8080-exec-3] o.s.web.servlet.DispatcherServlet        : Completed initialization in 4 ms
?[1;31m
Start test 65?[0m
?[1;31m
Start test 66?[0m
?[1;31m
Start test 67?[0m
?[1;31m
Start test 68?[0m
?[1;31m
Start test 69?[0m
?[1;31m
Start test 70?[0m
?[1;31m
Start test 71?[0m
?[1;31m
Start test 72?[0m
?[1;31m
Start test 73?[0m
?[1;31m
Start test 74?[0m
?[1;31m
Start test 75?[0m
?[1;31m
Start test 76?[0m
?[1;31m
Start test 77?[0m
?[1;31m
Start test 78?[0m
?[1;31m
Start test 79?[0m
?[1;31m
Start test 80?[0m
?[1;31m
Start test 81?[0m
]]></system-out>
  <system-err><![CDATA[]]></system-err>
</testsuite>
