<?xml version="1.0" encoding="UTF-8"?>
<testsuite name="PhoneBookTest" tests="1" skipped="0" failures="0" errors="0" timestamp="2021-03-13T17:35:00" hostname="DESKTOP-44JHN1A" time="845.193">
  <properties/>
  <testcase name="start" classname="PhoneBookTest" time="845.193"/>
  <system-out><![CDATA[?[1;31m
Start test 1?[0m
Start searching (linear search)

Found 500 / 500 entries. Time taken: 2 min. 0 sec. 0 ms.
Start searching (bubble sort + jump search)...
Found 500 / 500 entries. Time taken: 10 min. 0 sec. 0 ms.
Sorting time: 9 min. 30 sec. 0 ms.
Searching time: 0 min. 30 sec. 0 ms.
Start searching (quick sort + binary search)...
Found 500 / 500 entries. Time taken: 2 min. 0 sec. 0 ms.
Sorting time: 1 min. 30 sec. 0 ms.
Searching time: 0 min. 30 sec. 0 ms.
Start searching (hash table)...
Found 500 / 500 entries. Time taken: 0 min. 5 sec. 0 ms.
Creating time: 0 min. 4 sec. 0 ms.
Searching time: 0 min. 1 sec. 0 ms.
]]></system-out>
  <system-err><![CDATA[]]></system-err>
</testsuite>
