<?xml version="1.0" encoding="UTF-8"?>
<testsuite name="ContactsTest" tests="1" skipped="0" failures="0" errors="0" timestamp="2021-05-25T17:12:35" hostname="DESKTOP-44JHN1A" time="1.286">
  <properties/>
  <testcase name="start" classname="ContactsTest" time="1.286"/>
  <system-out><![CDATA[?[1;31m
Start test 1?[0m
[menu] Enter action (add, list, search, count, exit):> exit
?[1;31m
Start test 2?[0m
[menu] Enter action (add, list, search, count, exit):> count
The Phone Book has 0 records.

[menu] Enter action (add, list, search, count, exit):> exit
?[1;31m
Start test 3?[0m
[menu] Enter action (add, list, search, count, exit):> add
Enter the type (person, organization):
> person
Enter the name of the person:> John
Enter the surname of the person:> Smith
Enter the birth date:> 
Enter the gender:> 
Enter the number:> 123 456 789
The record added.

[menu] Enter action (add, list, search, count, exit):> count
The Phone Book has 1 records.

[menu] Enter action (add, list, search, count, exit):> exit
?[1;31m
Start test 4?[0m
[menu] Enter action (add, list, search, count, exit):> add
Enter the type (person, organization):
> person
Enter the name of the person:> John
Enter the surname of the person:> Smith
Enter the birth date:> 
Enter the gender:> 
Enter the number:> 123 456 789
The record added.

[menu] Enter action (add, list, search, count, exit):> list
1. John Smith Smith

[list] Enter action ([number], back):> 1
Name: John Smith
Surname: Smith
Birth date: [no data]
Gender: [no data]
Number: 123 456 789
Time created: 2021-05-25T20:12:36.300523
Time last edit: 2021-05-25T20:12:36.300523

[record] Enter action (edit, delete, menu):> menu

[menu] Enter action (add, list, search, count, exit):> exit
?[1;31m
Start test 5?[0m
[menu] Enter action (add, list, search, count, exit):> add
Enter the type (person, organization):
> organization
Enter the organization name:
> Pizza Shop
Enter the address:
> Wall St. 1
Enter the number:
> +0 (123) 456-789-9999
The record added.

[menu] Enter action (add, list, search, count, exit):> list
1. Pizza Shop

[list] Enter action ([number], back):> 1
Organization name: Pizza Shop
Address: Wall St. 1
Number: +0 (123) 456-789-9999
Time created: 2021-05-25T20:12:36.426523100
Time last edit: 2021-05-25T20:12:36.426523100

[record] Enter action (edit, delete, menu):> menu

[menu] Enter action (add, list, search, count, exit):> exit
?[1;31m
Start test 6?[0m
[menu] Enter action (add, list, search, count, exit):> add
Enter the type (person, organization):
> person
Enter the name of the person:> John
Enter the surname of the person:> Smith
Enter the birth date:> 
Enter the gender:> 
Enter the number:> 123 456 789
The record added.

[menu] Enter action (add, list, search, count, exit):> list
1. John Smith Smith

[list] Enter action ([number], back):> 1
Name: John Smith
Surname: Smith
Birth date: [no data]
Gender: [no data]
Number: 123 456 789
Time created: 2021-05-25T20:12:36.538529900
Time last edit: 2021-05-25T20:12:36.538529900

[record] Enter action (edit, delete, menu):> edit
Select a field (name, surname, birth, gender, number):> gender

Enter the gender (M, F):
> M

[record] Enter action (edit, delete, menu):> menu

[menu] Enter action (add, list, search, count, exit):> list
1. John Smith Smith

[list] Enter action ([number], back):> 1
Name: John Smith
Surname: Smith
Birth date: [no data]
Gender: M
Number: 123 456 789
Time created: 2021-05-25T20:12:36.538529900
Time last edit: 2021-05-25T20:12:36.559523600

[record] Enter action (edit, delete, menu):> menu

[menu] Enter action (add, list, search, count, exit):> exit
?[1;31m
Start test 7?[0m
[menu] Enter action (add, list, search, count, exit):> add
Enter the type (person, organization):
> organization
Enter the organization name:
> Pizza Shop
Enter the address:
> Wall St. 1
Enter the number:
> +0 (123) 456-789-9999
The record added.

[menu] Enter action (add, list, search, count, exit):> list
1. Pizza Shop

[list] Enter action ([number], back):> 1
Organization name: Pizza Shop
Address: Wall St. 1
Number: +0 (123) 456-789-9999
Time created: 2021-05-25T20:12:36.658527300
Time last edit: 2021-05-25T20:12:36.658527300

[record] Enter action (edit, delete, menu):> edit
Select a field (name, address, number):> address

Enter the address> Wall St 2

[record] Enter action (edit, delete, menu):> menu

[menu] Enter action (add, list, search, count, exit):> list
1. Pizza Shop

[list] Enter action ([number], back):> 1
Organization name: Pizza Shop
Address: Wall St 2
Number: +0 (123) 456-789-9999
Time created: 2021-05-25T20:12:36.658527300
Time last edit: 2021-05-25T20:12:36.675523100

[record] Enter action (edit, delete, menu):> menu

[menu] Enter action (add, list, search, count, exit):> exit
?[1;31m
Start test 8?[0m
[menu] Enter action (add, list, search, count, exit):> add
Enter the type (person, organization):
> organization
Enter the organization name:
> Pizza Shop
Enter the address:
> Wall St. 1
Enter the number:
> +0 (123) 456-789-9999
The record added.

[menu] Enter action (add, list, search, count, exit):> add
Enter the type (person, organization):
> person
Enter the name of the person:> John
Enter the surname of the person:> Smith
Enter the birth date:> 
Enter the gender:> 
Enter the number:> 123 456 789
The record added.

[menu] Enter action (add, list, search, count, exit):> add
Enter the type (person, organization):
> organization
Enter the organization name:
> PizzaNuts
Enter the address:
> Wall St. 6
Enter the number:
> +0 (123) 456-789-9999
The record added.

[menu] Enter action (add, list, search, count, exit):> search
Enter search query:> pizz

Found 2 results:
1. Pizza Shop
2. PizzaNuts

[search] Enter action ([number], back, again):> 1
Organization name: PizzaNuts
Address: Wall St. 6
Number: +0 (123) 456-789-9999
Time created: 2021-05-25T20:12:36.792523900
Time last edit: 2021-05-25T20:12:36.792523900

[record] Enter action (edit, delete, menu):> menu

[menu] Enter action (add, list, search, count, exit):> exit
?[1;31m
Start test 9?[0m
[menu] Enter action (add, list, search, count, exit):> add
Enter the type (person, organization):
> organization
Enter the organization name:
> Pizza Shop
Enter the address:
> Wall St. 1
Enter the number:
> +0 (123) 456-789-9999
The record added.

[menu] Enter action (add, list, search, count, exit):> add
Enter the type (person, organization):
> person
Enter the name of the person:> John
Enter the surname of the person:> Smith
Enter the birth date:> 
Enter the gender:> 
Enter the number:> 123 456 789
The record added.

[menu] Enter action (add, list, search, count, exit):> add
Enter the type (person, organization):
> organization
Enter the organization name:
> PizzaNuts
Enter the address:
> Wall St. 6
Enter the number:
> +0 (123) 456-789-9999
The record added.

[menu] Enter action (add, list, search, count, exit):> search
Enter search query:> s

Found 3 results:
1. Pizza Shop
2. John Smith
3. PizzaNuts

[search] Enter action ([number], back, again):> 1
Name: John Smith
Surname: Smith
Birth date: [no data]
Gender: [no data]
Number: 123 456 789
Time created: 2021-05-25T20:12:36.909523100
Time last edit: 2021-05-25T20:12:36.909523100

[record] Enter action (edit, delete, menu):> menu

[menu] Enter action (add, list, search, count, exit):> exit
?[1;31m
Start test 10?[0m
[menu] Enter action (add, list, search, count, exit):> add
Enter the type (person, organization):
> organization
Enter the organization name:
> Pizza Shop
Enter the address:
> Wall St. 1
Enter the number:
> +0 (123) 456-789-9999
The record added.

[menu] Enter action (add, list, search, count, exit):> add
Enter the type (person, organization):
> person
Enter the name of the person:> John
Enter the surname of the person:> Smith
Enter the birth date:> 
Enter the gender:> 
Enter the number:> 123 456 789
The record added.

[menu] Enter action (add, list, search, count, exit):> add
Enter the type (person, organization):
> organization
Enter the organization name:
> PizzaNuts
Enter the address:
> Wall St. 6
Enter the number:
> +0 (123) 456-781-9999
The record added.

[menu] Enter action (add, list, search, count, exit):> search
Enter search query:> 789

Found 2 results:
1. Pizza Shop
2. John Smith

[search] Enter action ([number], back, again):> 1
Name: John Smith
Surname: Smith
Birth date: [no data]
Gender: [no data]
Number: 123 456 789
Time created: 2021-05-25T20:12:37.041524
Time last edit: 2021-05-25T20:12:37.041524

[record] Enter action (edit, delete, menu):> menu

[menu] Enter action (add, list, search, count, exit):> exit
]]></system-out>
  <system-err><![CDATA[java.io.FileNotFoundException:  (Системе не удается найти указанный путь)
	at java.base/java.io.FileOutputStream.open0(Native Method)
	at java.base/java.io.FileOutputStream.open(FileOutputStream.java:298)
	at java.base/java.io.FileOutputStream.<init>(FileOutputStream.java:237)
	at java.base/java.io.FileOutputStream.<init>(FileOutputStream.java:187)
	at contacts.PhoneBook.save(PhoneBook.java:37)
	at contacts.Application.menu(Main.java:89)
	at contacts.Application.run(Main.java:69)
	at contacts.Main.main(Main.java:15)
	at java.base/jdk.internal.reflect.NativeMethodAccessorImpl.invoke0(Native Method)
	at java.base/jdk.internal.reflect.NativeMethodAccessorImpl.invoke(NativeMethodAccessorImpl.java:62)
	at java.base/jdk.internal.reflect.DelegatingMethodAccessorImpl.invoke(DelegatingMethodAccessorImpl.java:43)
	at java.base/java.lang.reflect.Method.invoke(Method.java:566)
	at org.hyperskill.hstest.testing.execution.MainMethodExecutor.invokeMain(MainMethodExecutor.java:154)
	at org.hyperskill.hstest.testing.execution.MainMethodExecutor.lambda$launch$0(MainMethodExecutor.java:180)
	at java.base/java.util.concurrent.Executors$RunnableAdapter.call(Executors.java:515)
	at java.base/java.util.concurrent.FutureTask.run(FutureTask.java:264)
	at java.base/java.util.concurrent.ThreadPoolExecutor.runWorker(ThreadPoolExecutor.java:1128)
	at java.base/java.util.concurrent.ThreadPoolExecutor$Worker.run(ThreadPoolExecutor.java:628)
	at java.base/java.lang.Thread.run(Thread.java:834)
java.io.FileNotFoundException:  (Системе не удается найти указанный путь)
	at java.base/java.io.FileOutputStream.open0(Native Method)
	at java.base/java.io.FileOutputStream.open(FileOutputStream.java:298)
	at java.base/java.io.FileOutputStream.<init>(FileOutputStream.java:237)
	at java.base/java.io.FileOutputStream.<init>(FileOutputStream.java:187)
	at contacts.PhoneBook.save(PhoneBook.java:37)
	at contacts.Application.menu(Main.java:89)
	at contacts.Application.run(Main.java:69)
	at contacts.Main.main(Main.java:15)
	at java.base/jdk.internal.reflect.NativeMethodAccessorImpl.invoke0(Native Method)
	at java.base/jdk.internal.reflect.NativeMethodAccessorImpl.invoke(NativeMethodAccessorImpl.java:62)
	at java.base/jdk.internal.reflect.DelegatingMethodAccessorImpl.invoke(DelegatingMethodAccessorImpl.java:43)
	at java.base/java.lang.reflect.Method.invoke(Method.java:566)
	at org.hyperskill.hstest.testing.execution.MainMethodExecutor.invokeMain(MainMethodExecutor.java:154)
	at org.hyperskill.hstest.testing.execution.MainMethodExecutor.lambda$launch$0(MainMethodExecutor.java:180)
	at java.base/java.util.concurrent.Executors$RunnableAdapter.call(Executors.java:515)
	at java.base/java.util.concurrent.FutureTask.run(FutureTask.java:264)
	at java.base/java.util.concurrent.ThreadPoolExecutor.runWorker(ThreadPoolExecutor.java:1128)
	at java.base/java.util.concurrent.ThreadPoolExecutor$Worker.run(ThreadPoolExecutor.java:628)
	at java.base/java.lang.Thread.run(Thread.java:834)
java.io.FileNotFoundException:  (Системе не удается найти указанный путь)
	at java.base/java.io.FileOutputStream.open0(Native Method)
	at java.base/java.io.FileOutputStream.open(FileOutputStream.java:298)
	at java.base/java.io.FileOutputStream.<init>(FileOutputStream.java:237)
	at java.base/java.io.FileOutputStream.<init>(FileOutputStream.java:187)
	at contacts.PhoneBook.save(PhoneBook.java:37)
	at contacts.Application.menu(Main.java:89)
	at contacts.Application.run(Main.java:69)
	at contacts.Main.main(Main.java:15)
	at java.base/jdk.internal.reflect.NativeMethodAccessorImpl.invoke0(Native Method)
	at java.base/jdk.internal.reflect.NativeMethodAccessorImpl.invoke(NativeMethodAccessorImpl.java:62)
	at java.base/jdk.internal.reflect.DelegatingMethodAccessorImpl.invoke(DelegatingMethodAccessorImpl.java:43)
	at java.base/java.lang.reflect.Method.invoke(Method.java:566)
	at org.hyperskill.hstest.testing.execution.MainMethodExecutor.invokeMain(MainMethodExecutor.java:154)
	at org.hyperskill.hstest.testing.execution.MainMethodExecutor.lambda$launch$0(MainMethodExecutor.java:180)
	at java.base/java.util.concurrent.Executors$RunnableAdapter.call(Executors.java:515)
	at java.base/java.util.concurrent.FutureTask.run(FutureTask.java:264)
	at java.base/java.util.concurrent.ThreadPoolExecutor.runWorker(ThreadPoolExecutor.java:1128)
	at java.base/java.util.concurrent.ThreadPoolExecutor$Worker.run(ThreadPoolExecutor.java:628)
	at java.base/java.lang.Thread.run(Thread.java:834)
java.io.FileNotFoundException:  (Системе не удается найти указанный путь)
	at java.base/java.io.FileOutputStream.open0(Native Method)
	at java.base/java.io.FileOutputStream.open(FileOutputStream.java:298)
	at java.base/java.io.FileOutputStream.<init>(FileOutputStream.java:237)
	at java.base/java.io.FileOutputStream.<init>(FileOutputStream.java:187)
	at contacts.PhoneBook.save(PhoneBook.java:37)
	at contacts.Application.menu(Main.java:89)
	at contacts.Application.run(Main.java:69)
	at contacts.Main.main(Main.java:15)
	at java.base/jdk.internal.reflect.NativeMethodAccessorImpl.invoke0(Native Method)
	at java.base/jdk.internal.reflect.NativeMethodAccessorImpl.invoke(NativeMethodAccessorImpl.java:62)
	at java.base/jdk.internal.reflect.DelegatingMethodAccessorImpl.invoke(DelegatingMethodAccessorImpl.java:43)
	at java.base/java.lang.reflect.Method.invoke(Method.java:566)
	at org.hyperskill.hstest.testing.execution.MainMethodExecutor.invokeMain(MainMethodExecutor.java:154)
	at org.hyperskill.hstest.testing.execution.MainMethodExecutor.lambda$launch$0(MainMethodExecutor.java:180)
	at java.base/java.util.concurrent.Executors$RunnableAdapter.call(Executors.java:515)
	at java.base/java.util.concurrent.FutureTask.run(FutureTask.java:264)
	at java.base/java.util.concurrent.ThreadPoolExecutor.runWorker(ThreadPoolExecutor.java:1128)
	at java.base/java.util.concurrent.ThreadPoolExecutor$Worker.run(ThreadPoolExecutor.java:628)
	at java.base/java.lang.Thread.run(Thread.java:834)
java.io.FileNotFoundException:  (Системе не удается найти указанный путь)
	at java.base/java.io.FileOutputStream.open0(Native Method)
	at java.base/java.io.FileOutputStream.open(FileOutputStream.java:298)
	at java.base/java.io.FileOutputStream.<init>(FileOutputStream.java:237)
	at java.base/java.io.FileOutputStream.<init>(FileOutputStream.java:187)
	at contacts.PhoneBook.save(PhoneBook.java:37)
	at contacts.Application.menu(Main.java:89)
	at contacts.Application.run(Main.java:69)
	at contacts.Main.main(Main.java:15)
	at java.base/jdk.internal.reflect.NativeMethodAccessorImpl.invoke0(Native Method)
	at java.base/jdk.internal.reflect.NativeMethodAccessorImpl.invoke(NativeMethodAccessorImpl.java:62)
	at java.base/jdk.internal.reflect.DelegatingMethodAccessorImpl.invoke(DelegatingMethodAccessorImpl.java:43)
	at java.base/java.lang.reflect.Method.invoke(Method.java:566)
	at org.hyperskill.hstest.testing.execution.MainMethodExecutor.invokeMain(MainMethodExecutor.java:154)
	at org.hyperskill.hstest.testing.execution.MainMethodExecutor.lambda$launch$0(MainMethodExecutor.java:180)
	at java.base/java.util.concurrent.Executors$RunnableAdapter.call(Executors.java:515)
	at java.base/java.util.concurrent.FutureTask.run(FutureTask.java:264)
	at java.base/java.util.concurrent.ThreadPoolExecutor.runWorker(ThreadPoolExecutor.java:1128)
	at java.base/java.util.concurrent.ThreadPoolExecutor$Worker.run(ThreadPoolExecutor.java:628)
	at java.base/java.lang.Thread.run(Thread.java:834)
java.io.FileNotFoundException:  (Системе не удается найти указанный путь)
	at java.base/java.io.FileOutputStream.open0(Native Method)
	at java.base/java.io.FileOutputStream.open(FileOutputStream.java:298)
	at java.base/java.io.FileOutputStream.<init>(FileOutputStream.java:237)
	at java.base/java.io.FileOutputStream.<init>(FileOutputStream.java:187)
	at contacts.PhoneBook.save(PhoneBook.java:37)
	at contacts.Application.menu(Main.java:89)
	at contacts.Application.run(Main.java:69)
	at contacts.Main.main(Main.java:15)
	at java.base/jdk.internal.reflect.NativeMethodAccessorImpl.invoke0(Native Method)
	at java.base/jdk.internal.reflect.NativeMethodAccessorImpl.invoke(NativeMethodAccessorImpl.java:62)
	at java.base/jdk.internal.reflect.DelegatingMethodAccessorImpl.invoke(DelegatingMethodAccessorImpl.java:43)
	at java.base/java.lang.reflect.Method.invoke(Method.java:566)
	at org.hyperskill.hstest.testing.execution.MainMethodExecutor.invokeMain(MainMethodExecutor.java:154)
	at org.hyperskill.hstest.testing.execution.MainMethodExecutor.lambda$launch$0(MainMethodExecutor.java:180)
	at java.base/java.util.concurrent.Executors$RunnableAdapter.call(Executors.java:515)
	at java.base/java.util.concurrent.FutureTask.run(FutureTask.java:264)
	at java.base/java.util.concurrent.ThreadPoolExecutor.runWorker(ThreadPoolExecutor.java:1128)
	at java.base/java.util.concurrent.ThreadPoolExecutor$Worker.run(ThreadPoolExecutor.java:628)
	at java.base/java.lang.Thread.run(Thread.java:834)
java.io.FileNotFoundException:  (Системе не удается найти указанный путь)
	at java.base/java.io.FileOutputStream.open0(Native Method)
	at java.base/java.io.FileOutputStream.open(FileOutputStream.java:298)
	at java.base/java.io.FileOutputStream.<init>(FileOutputStream.java:237)
	at java.base/java.io.FileOutputStream.<init>(FileOutputStream.java:187)
	at contacts.PhoneBook.save(PhoneBook.java:37)
	at contacts.Application.menu(Main.java:89)
	at contacts.Application.run(Main.java:69)
	at contacts.Main.main(Main.java:15)
	at java.base/jdk.internal.reflect.NativeMethodAccessorImpl.invoke0(Native Method)
	at java.base/jdk.internal.reflect.NativeMethodAccessorImpl.invoke(NativeMethodAccessorImpl.java:62)
	at java.base/jdk.internal.reflect.DelegatingMethodAccessorImpl.invoke(DelegatingMethodAccessorImpl.java:43)
	at java.base/java.lang.reflect.Method.invoke(Method.java:566)
	at org.hyperskill.hstest.testing.execution.MainMethodExecutor.invokeMain(MainMethodExecutor.java:154)
	at org.hyperskill.hstest.testing.execution.MainMethodExecutor.lambda$launch$0(MainMethodExecutor.java:180)
	at java.base/java.util.concurrent.Executors$RunnableAdapter.call(Executors.java:515)
	at java.base/java.util.concurrent.FutureTask.run(FutureTask.java:264)
	at java.base/java.util.concurrent.ThreadPoolExecutor.runWorker(ThreadPoolExecutor.java:1128)
	at java.base/java.util.concurrent.ThreadPoolExecutor$Worker.run(ThreadPoolExecutor.java:628)
	at java.base/java.lang.Thread.run(Thread.java:834)
java.io.FileNotFoundException:  (Системе не удается найти указанный путь)
	at java.base/java.io.FileOutputStream.open0(Native Method)
	at java.base/java.io.FileOutputStream.open(FileOutputStream.java:298)
	at java.base/java.io.FileOutputStream.<init>(FileOutputStream.java:237)
	at java.base/java.io.FileOutputStream.<init>(FileOutputStream.java:187)
	at contacts.PhoneBook.save(PhoneBook.java:37)
	at contacts.Application.menu(Main.java:89)
	at contacts.Application.run(Main.java:69)
	at contacts.Main.main(Main.java:15)
	at java.base/jdk.internal.reflect.NativeMethodAccessorImpl.invoke0(Native Method)
	at java.base/jdk.internal.reflect.NativeMethodAccessorImpl.invoke(NativeMethodAccessorImpl.java:62)
	at java.base/jdk.internal.reflect.DelegatingMethodAccessorImpl.invoke(DelegatingMethodAccessorImpl.java:43)
	at java.base/java.lang.reflect.Method.invoke(Method.java:566)
	at org.hyperskill.hstest.testing.execution.MainMethodExecutor.invokeMain(MainMethodExecutor.java:154)
	at org.hyperskill.hstest.testing.execution.MainMethodExecutor.lambda$launch$0(MainMethodExecutor.java:180)
	at java.base/java.util.concurrent.Executors$RunnableAdapter.call(Executors.java:515)
	at java.base/java.util.concurrent.FutureTask.run(FutureTask.java:264)
	at java.base/java.util.concurrent.ThreadPoolExecutor.runWorker(ThreadPoolExecutor.java:1128)
	at java.base/java.util.concurrent.ThreadPoolExecutor$Worker.run(ThreadPoolExecutor.java:628)
	at java.base/java.lang.Thread.run(Thread.java:834)
java.io.FileNotFoundException:  (Системе не удается найти указанный путь)
	at java.base/java.io.FileOutputStream.open0(Native Method)
	at java.base/java.io.FileOutputStream.open(FileOutputStream.java:298)
	at java.base/java.io.FileOutputStream.<init>(FileOutputStream.java:237)
	at java.base/java.io.FileOutputStream.<init>(FileOutputStream.java:187)
	at contacts.PhoneBook.save(PhoneBook.java:37)
	at contacts.Application.menu(Main.java:89)
	at contacts.Application.run(Main.java:69)
	at contacts.Main.main(Main.java:15)
	at java.base/jdk.internal.reflect.NativeMethodAccessorImpl.invoke0(Native Method)
	at java.base/jdk.internal.reflect.NativeMethodAccessorImpl.invoke(NativeMethodAccessorImpl.java:62)
	at java.base/jdk.internal.reflect.DelegatingMethodAccessorImpl.invoke(DelegatingMethodAccessorImpl.java:43)
	at java.base/java.lang.reflect.Method.invoke(Method.java:566)
	at org.hyperskill.hstest.testing.execution.MainMethodExecutor.invokeMain(MainMethodExecutor.java:154)
	at org.hyperskill.hstest.testing.execution.MainMethodExecutor.lambda$launch$0(MainMethodExecutor.java:180)
	at java.base/java.util.concurrent.Executors$RunnableAdapter.call(Executors.java:515)
	at java.base/java.util.concurrent.FutureTask.run(FutureTask.java:264)
	at java.base/java.util.concurrent.ThreadPoolExecutor.runWorker(ThreadPoolExecutor.java:1128)
	at java.base/java.util.concurrent.ThreadPoolExecutor$Worker.run(ThreadPoolExecutor.java:628)
	at java.base/java.lang.Thread.run(Thread.java:834)
java.io.FileNotFoundException:  (Системе не удается найти указанный путь)
	at java.base/java.io.FileOutputStream.open0(Native Method)
	at java.base/java.io.FileOutputStream.open(FileOutputStream.java:298)
	at java.base/java.io.FileOutputStream.<init>(FileOutputStream.java:237)
	at java.base/java.io.FileOutputStream.<init>(FileOutputStream.java:187)
	at contacts.PhoneBook.save(PhoneBook.java:37)
	at contacts.Application.menu(Main.java:89)
	at contacts.Application.run(Main.java:69)
	at contacts.Main.main(Main.java:15)
	at java.base/jdk.internal.reflect.NativeMethodAccessorImpl.invoke0(Native Method)
	at java.base/jdk.internal.reflect.NativeMethodAccessorImpl.invoke(NativeMethodAccessorImpl.java:62)
	at java.base/jdk.internal.reflect.DelegatingMethodAccessorImpl.invoke(DelegatingMethodAccessorImpl.java:43)
	at java.base/java.lang.reflect.Method.invoke(Method.java:566)
	at org.hyperskill.hstest.testing.execution.MainMethodExecutor.invokeMain(MainMethodExecutor.java:154)
	at org.hyperskill.hstest.testing.execution.MainMethodExecutor.lambda$launch$0(MainMethodExecutor.java:180)
	at java.base/java.util.concurrent.Executors$RunnableAdapter.call(Executors.java:515)
	at java.base/java.util.concurrent.FutureTask.run(FutureTask.java:264)
	at java.base/java.util.concurrent.ThreadPoolExecutor.runWorker(ThreadPoolExecutor.java:1128)
	at java.base/java.util.concurrent.ThreadPoolExecutor$Worker.run(ThreadPoolExecutor.java:628)
	at java.base/java.lang.Thread.run(Thread.java:834)
]]></system-err>
</testsuite>
